[INFO ] 2020-09-23 18:26:05 [Thread-3] - ----------------------------------------
[INFO ] 2020-09-23 18:26:05 [Thread-3] - SE INICIÓ EL SERVICIO DE ACTUALIZACIÓN
[INFO ] 2020-09-23 18:26:05 [Thread-3] - ----------------------------------------
[INFO ] 2020-09-23 18:26:05 [Thread-3] - Conectandose a informix
[INFO ] 2020-09-23 18:26:05 [Thread-3] - Se cargó el Driver JDBC Informix correctamente
[INFO ] 2020-09-23 18:26:06 [Thread-3] - Conexión exitosa con la BD informix
[INFO ] 2020-09-23 18:26:06 [Thread-3] - Realizando intento #1 de petición de datos a infromix
[INFO ] 2020-09-23 18:26:07 [Thread-3] - Datos de informix recbidos correctamente
[INFO ] 2020-09-23 18:26:07 [Thread-3] - Realizando intento #1 de petición de pacientes preferenciales a infromix
[INFO ] 2020-09-23 18:26:15 [Thread-3] - Petición de datos de pacientes preferenciales exitosa
[INFO ] 2020-09-23 18:26:15 [Thread-3] - Transformando datos de pacientes preferenciales
[WARN ] 2020-09-23 18:26:26 [Thread-3] - Error al transformar datos del paciente preferencial 
Causa: For input string: "23262545 "
[INFO ] 2020-09-23 18:26:26 [Thread-3] - Se transformaron los datos de pacientes preferenciales
[INFO ] 2020-09-23 18:26:26 [Thread-3] - Transformando datos recibidos
[INFO ] 2020-09-23 18:27:05 [Thread-3] - Se transformaron 2042 citas médicas 
Se leyeron 2042 registros provenientes de informix
[INFO ] 2020-09-23 18:27:05 [Thread-3] - Conectado a la BD local Postgres
[INFO ] 2020-09-23 18:27:11 [Thread-3] - Citas médicas recibidas de informix: 2042
Citas médicas guardadas en Postgres: 2042
[INFO ] 2020-09-23 18:27:11 [Thread-3] - Creando tabla de consultas completa
[INFO ] 2020-09-23 18:27:11 [Thread-3] - Se creó la tabla 'consultasfull' en Postgres
[INFO ] 2020-09-23 18:27:12 [Thread-3] - FINALIZÓ EL SERVICIO DE ACTUALIZACIÓN SATISFACTORIAMENTE
